<?xml version="1.0" encoding="UTF-8"?>
<!-- Generated by org.testng.reporters.JUnitReportReporter -->
<testsuite hostname="QAPLANET-PC" name="screenshot" tests="1" failures="0" timestamp="24 Aug 2019 12:41:51 GMT" time="6.031" errors="0">
  <testcase name="screenshoot" time="6.031" classname="screenshot"/>
</testsuite> <!-- screenshot -->
