<?xml version="1.0" encoding="UTF-8"?>
<!-- Generated by org.testng.reporters.JUnitReportReporter -->
<testsuite hostname="QAPLANET-PC" name="webelement.contextclick" tests="1" failures="0" timestamp="23 Aug 2019 09:06:34 GMT" time="20.257" errors="0">
  <testcase name="con" time="20.257" classname="webelement.contextclick"/>
</testsuite> <!-- webelement.contextclick -->
